Map: Retreat	mode: Hardpoint	num: 1	time: 438	streamed: true	day: 1	starting Line: 2 Entry Number: 1
    TeamName: SSOF	score: 250.0	victor: true	host: false
    TeamName: Classic Team	score: 66.0	victor: false	host: false
        Name: Caio	Kills: 27	Deaths: 17	obj1: 6	obj2: 1	obj3: 0	fb: 0
        Name: Carlao	Kills: 26	Deaths: 19	obj1: 5	obj2: 1	obj3: 0	fb: 0
        Name: Le	Kills: 27	Deaths: 16	obj1: 3	obj2: 1	obj3: 0	fb: 0
        Name: Hx	Kills: 30	Deaths: 14	obj1: 2	obj2: 4	obj3: 0	fb: 0
        Name: Sharq	Kills: 22	Deaths: 28	obj1: 6	obj2: 1	obj3: 0	fb: 0
        Name: eMegicz	Kills: 18	Deaths: 27	obj1: 3	obj2: 1	obj3: 0	fb: 0
        Name: Guigs	Kills: 15	Deaths: 30	obj1: 2	obj2: 2	obj3: 0	fb: 0
        Name: RyeK	Kills: 11	Deaths: 26	obj1: 2	obj2: 0	obj3: 0	fb: 0
Map: Riot	mode: Search and Destroy	num: 2	time: 600	streamed: true	day: 1	starting Line: 12 Entry Number: 2
    TeamName: SSOF	score: 6.0	victor: true	host: false
    TeamName: Classic Team	score: 4.0	victor: false	host: false
        Name: Caio	Kills: 8	Deaths: 4	obj1: 0	obj2: 0	obj3: 0	fb: 0
        Name: Carlao	Kills: 7	Deaths: 6	obj1: 4	obj2: 0	obj3: 0	fb: 0
        Name: Le	Kills: 8	Deaths: 7	obj1: 0	obj2: 0	obj3: 0	fb: 0
        Name: Hx	Kills: 7	Deaths: 6	obj1: 0	obj2: 0	obj3: 0	fb: 0
        Name: Sharq	Kills: 10	Deaths: 6	obj1: 0	obj2: 0	obj3: 0	fb: 0
        Name: eMegicz	Kills: 4	Deaths: 8	obj1: 0	obj2: 0	obj3: 0	fb: 0
        Name: Guigs	Kills: 4	Deaths: 8	obj1: 0	obj2: 0	obj3: 0	fb: 0
        Name: RyeK	Kills: 5	Deaths: 8	obj1: 2	obj2: 0	obj3: 0	fb: 0
Map: Biolab	mode: Uplink	num: 3	time: 600	streamed: true	day: 1	starting Line: 23 Entry Number: 3
    TeamName: SSOF	score: 11.0	victor: true	host: false
    TeamName: Classic Team	score: 0.0	victor: false	host: false
        Name: Caio	Kills: 25	Deaths: 21	obj1: 2	obj2: 0	obj3: 0	fb: 0
        Name: Carlao	Kills: 32	Deaths: 21	obj1: 0	obj2: 0	obj3: 0	fb: 0
        Name: Le	Kills: 20	Deaths: 23	obj1: 8	obj2: 0	obj3: 0	fb: 0
        Name: Hx	Kills: 17	Deaths: 25	obj1: 1	obj2: 0	obj3: 0	fb: 0
        Name: Sharq	Kills: 24	Deaths: 29	obj1: 0	obj2: 0	obj3: 0	fb: 0
        Name: eMegicz	Kills: 28	Deaths: 23	obj1: 0	obj2: 0	obj3: 0	fb: 0
        Name: Guigs	Kills: 15	Deaths: 23	obj1: 0	obj2: 0	obj3: 0	fb: 0
        Name: RyeK	Kills: 21	Deaths: 22	obj1: 0	obj2: 0	obj3: 0	fb: 0
Map: Detroit	mode: Hardpoint	num: 1	time: 600	streamed: true	day: 1	starting Line: 58 Entry Number: 4
    TeamName: Milgares Team	score: 230.0	victor: true	host: false
    TeamName: DOGS	score: 174.0	victor: false	host: false
        Name: Theuss	Kills: 26	Deaths: 34	obj1: 11	obj2: 4	obj3: 0	fb: 0
        Name: LGnDz	Kills: 31	Deaths: 29	obj1: 13	obj2: 5	obj3: 0	fb: 0
        Name: Lopes	Kills: 30	Deaths: 32	obj1: 8	obj2: 2	obj3: 0	fb: 0
        Name: RapidBigThug	Kills: 37	Deaths: 35	obj1: 6	obj2: 11	obj3: 0	fb: 0
        Name: Batuta	Kills: 36	Deaths: 32	obj1: 9	obj2: 6	obj3: 0	fb: 0
        Name: FKiNg	Kills: 32	Deaths: 32	obj1: 8	obj2: 1	obj3: 0	fb: 0
        Name: eRoDy	Kills: 28	Deaths: 32	obj1: 11	obj2: 3	obj3: 0	fb: 0
        Name: DJNay	Kills: 32	Deaths: 30	obj1: 5	obj2: 0	obj3: 0	fb: 0
Map: Recovery	mode: Search and Destroy	num: 2	time: 600	streamed: true	day: 1	starting Line: 68 Entry Number: 5
    TeamName: Milgares Team	score: 2.0	victor: false	host: false
    TeamName: DOGS	score: 6.0	victor: true	host: false
        Name: Theuss	Kills: 2	Deaths: 7	obj1: 0	obj2: 0	obj3: 0	fb: 0
        Name: LGnDz	Kills: 4	Deaths: 7	obj1: 1	obj2: 0	obj3: 0	fb: 0
        Name: Lopes	Kills: 3	Deaths: 8	obj1: 1	obj2: 0	obj3: 0	fb: 0
        Name: RapidBigThug	Kills: 3	Deaths: 8	obj1: 0	obj2: 0	obj3: 0	fb: 0
        Name: Batuta	Kills: 11	Deaths: 6	obj1: 0	obj2: 0	obj3: 0	fb: 0
        Name: FKiNg	Kills: 7	Deaths: 3	obj1: 0	obj2: 0	obj3: 0	fb: 0
        Name: eRoDy	Kills: 5	Deaths: 2	obj1: 3	obj2: 0	obj3: 0	fb: 0
        Name: DJNay	Kills: 7	Deaths: 2	obj1: 0	obj2: 0	obj3: 0	fb: 0
Map: Biolab	mode: Capture the Flag	num: 3	time: 600	streamed: true	day: 1	starting Line: 79 Entry Number: 6
    TeamName: Milgares Team	score: 1.0	victor: false	host: false
    TeamName: DOGS	score: 9.0	victor: true	host: false
        Name: Theuss	Kills: 15	Deaths: 28	obj1: 0	obj2: 0	obj3: 0	fb: 0
        Name: LGnDz	Kills: 18	Deaths: 27	obj1: 0	obj2: 0	obj3: 0	fb: 0
        Name: Lopes	Kills: 17	Deaths: 25	obj1: 0	obj2: 0	obj3: 0	fb: 0
        Name: RapidBigThug	Kills: 16	Deaths: 29	obj1: 0	obj2: 0	obj3: 0	fb: 0
        Name: Batuta	Kills: 32	Deaths: 16	obj1: 4	obj2: 0	obj3: 0	fb: 0
        Name: FKiNg	Kills: 25	Deaths: 18	obj1: 3	obj2: 0	obj3: 0	fb: 0
        Name: eRoDy	Kills: 25	Deaths: 18	obj1: 1	obj2: 0	obj3: 0	fb: 0
        Name: DJNay	Kills: 26	Deaths: 16	obj1: 1	obj2: 0	obj3: 0	fb: 0
Map: Comeback	mode: Uplink	num: 4	time: 600	streamed: true	day: 1	starting Line: 90 Entry Number: 7
    TeamName: Milgares Team	score: 11.0	victor: false	host: false
    TeamName: DOGS	score: 14.0	victor: true	host: false
        Name: Theuss	Kills: 27	Deaths: 26	obj1: 0	obj2: 0	obj3: 0	fb: 0
        Name: LGnDz	Kills: 24	Deaths: 30	obj1: 7	obj2: 0	obj3: 0	fb: 0
        Name: Lopes	Kills: 21	Deaths: 31	obj1: 3	obj2: 0	obj3: 0	fb: 0
        Name: RapidBigThug	Kills: 27	Deaths: 29	obj1: 1	obj2: 0	obj3: 0	fb: 0
        Name: Batuta	Kills: 41	Deaths: 28	obj1: 2	obj2: 0	obj3: 0	fb: 0
        Name: FKiNg	Kills: 16	Deaths: 25	obj1: 4	obj2: 0	obj3: 0	fb: 0
        Name: eRoDy	Kills: 24	Deaths: 24	obj1: 8	obj2: 0	obj3: 0	fb: 0
        Name: DJNay	Kills: 34	Deaths: 23	obj1: 0	obj2: 0	obj3: 0	fb: 0
Map: Retreat	mode: Hardpoint	num: 1	time: 600	streamed: true	day: 1	starting Line: 114 Entry Number: 8
    TeamName: Brazilla	score: 170.0	victor: false	host: false
    TeamName: SSOF	score: 202.0	victor: true	host: false
        Name: Nikko	Kills: 37	Deaths: 33	obj1: 8	obj2: 5	obj3: 0	fb: 0
        Name: ForTunaTo	Kills: 25	Deaths: 35	obj1: 8	obj2: 2	obj3: 0	fb: 0
        Name: iRapp	Kills: 35	Deaths: 33	obj1: 7	obj2: 5	obj3: 0	fb: 0
        Name: STAL1ZY	Kills: 32	Deaths: 39	obj1: 13	obj2: 5	obj3: 0	fb: 0
        Name: Caio	Kills: 32	Deaths: 32	obj1: 12	obj2: 2	obj3: 0	fb: 0
        Name: Carlao	Kills: 32	Deaths: 31	obj1: 9	obj2: 1	obj3: 0	fb: 0
        Name: Le	Kills: 34	Deaths: 33	obj1: 3	obj2: 4	obj3: 0	fb: 0
        Name: Hx	Kills: 42	Deaths: 36	obj1: 13	obj2: 4	obj3: 0	fb: 0
Map: Riot	mode: Search and Destroy	num: 2	time: 597	streamed: true	day: 1	starting Line: 124 Entry Number: 9
    TeamName: Brazilla	score: 6.0	victor: true	host: false
    TeamName: SSOF	score: 5.0	victor: false	host: false
        Name: Nikko	Kills: 9	Deaths: 9	obj1: 1	obj2: 1	obj3: 1	fb: 0
        Name: ForTunaTo	Kills: 10	Deaths: 7	obj1: 0	obj2: 1	obj3: 2	fb: 1
        Name: iRapp	Kills: 4	Deaths: 10	obj1: 4	obj2: 0	obj3: 1	fb: 1
        Name: STAL1ZY	Kills: 9	Deaths: 8	obj1: 0	obj2: 0	obj3: 1	fb: 0
        Name: Caio	Kills: 9	Deaths: 8	obj1: 0	obj2: 0	obj3: 1	fb: 2
        Name: Carlao	Kills: 8	Deaths: 7	obj1: 4	obj2: 0	obj3: 2	fb: 1
        Name: Le	Kills: 10	Deaths: 9	obj1: 0	obj2: 0	obj3: 1	fb: 4
        Name: Hx	Kills: 7	Deaths: 8	obj1: 0	obj2: 1	obj3: 2	fb: 2
Map: Biolab	mode: Uplink	num: 3	time: 600	streamed: true	day: 1	starting Line: 135 Entry Number: 10
    TeamName: Brazilla	score: 4.0	victor: false	host: false
    TeamName: SSOF	score: 17.0	victor: true	host: false
        Name: Nikko	Kills: 18	Deaths: 29	obj1: 0	obj2: 0	obj3: 0	fb: 0
        Name: ForTunaTo	Kills: 32	Deaths: 25	obj1: 0	obj2: 0	obj3: 0	fb: 0
        Name: iRapp	Kills: 15	Deaths: 29	obj1: 1	obj2: 0	obj3: 0	fb: 0
        Name: STAL1ZY	Kills: 16	Deaths: 27	obj1: 3	obj2: 0	obj3: 0	fb: 0
        Name: Caio	Kills: 20	Deaths: 22	obj1: 8	obj2: 0	obj3: 0	fb: 0
        Name: Carlao	Kills: 37	Deaths: 16	obj1: 0	obj2: 0	obj3: 0	fb: 0
        Name: Le	Kills: 29	Deaths: 19	obj1: 6	obj2: 0	obj3: 0	fb: 0
        Name: Hx	Kills: 17	Deaths: 24	obj1: 3	obj2: 0	obj3: 0	fb: 0
Map: Ascend	mode: Capture the Flag	num: 4	time: 600	streamed: true	day: 1	starting Line: 146 Entry Number: 11
    TeamName: Brazilla	score: 3.0	victor: true	host: false
    TeamName: SSOF	score: 2.0	victor: false	host: false
        Name: Nikko	Kills: 28	Deaths: 23	obj1: 0	obj2: 0	obj3: 0	fb: 0
        Name: ForTunaTo	Kills: 25	Deaths: 23	obj1: 1	obj2: 0	obj3: 0	fb: 0
        Name: iRapp	Kills: 14	Deaths: 20	obj1: 1	obj2: 0	obj3: 0	fb: 0
        Name: STAL1ZY	Kills: 18	Deaths: 23	obj1: 1	obj2: 0	obj3: 0	fb: 0
        Name: Caio	Kills: 27	Deaths: 19	obj1: 0	obj2: 0	obj3: 0	fb: 0
        Name: Carlao	Kills: 15	Deaths: 23	obj1: 0	obj2: 0	obj3: 0	fb: 0
        Name: Le	Kills: 24	Deaths: 18	obj1: 0	obj2: 0	obj3: 0	fb: 0
        Name: Hx	Kills: 23	Deaths: 26	obj1: 2	obj2: 0	obj3: 0	fb: 0
Map: Detroit	mode: Search and Destroy	num: 5	time: 600	streamed: true	day: 1	starting Line: 157 Entry Number: 12
    TeamName: Brazilla	score: 5.0	victor: false	host: false
    TeamName: SSOF	score: 6.0	victor: true	host: false
        Name: Nikko	Kills: 6	Deaths: 6	obj1: 0	obj2: 0	obj3: 0	fb: 0
        Name: ForTunaTo	Kills: 8	Deaths: 6	obj1: 0	obj2: 0	obj3: 2	fb: 1
        Name: iRapp	Kills: 9	Deaths: 7	obj1: 1	obj2: 0	obj3: 2	fb: 0
        Name: STAL1ZY	Kills: 6	Deaths: 6	obj1: 0	obj2: 0	obj3: 2	fb: 1
        Name: Caio	Kills: 4	Deaths: 9	obj1: 1	obj2: 0	obj3: 1	fb: 2
        Name: Carlao	Kills: 8	Deaths: 5	obj1: 2	obj2: 0	obj3: 1	fb: 1
        Name: Le	Kills: 8	Deaths: 6	obj1: 0	obj2: 0	obj3: 2	fb: 2
        Name: Hx	Kills: 5	Deaths: 6	obj1: 0	obj2: 0	obj3: 0	fb: 2
Map: Retreat	mode: Hardpoint	num: 1	time: 566	streamed: true	day: 1	starting Line: 170 Entry Number: 13
    TeamName: Virtue Gaming	score: 250.0	victor: true	host: false
    TeamName: DOGS	score: 106.0	victor: false	host: false
        Name: Rafa	Kills: 38	Deaths: 29	obj1: 6	obj2: 2	obj3: 0	fb: 0
        Name: RxcK	Kills: 29	Deaths: 30	obj1: 6	obj2: 0	obj3: 0	fb: 0
        Name: VrTChamp	Kills: 39	Deaths: 24	obj1: 14	obj2: 2	obj3: 0	fb: 0
        Name: CocoLander	Kills: 30	Deaths: 21	obj1: 12	obj2: 0	obj3: 0	fb: 0
        Name: Batuta	Kills: 28	Deaths: 36	obj1: 11	obj2: 4	obj3: 0	fb: 0
        Name: FKiNg	Kills: 22	Deaths: 33	obj1: 10	obj2: 0	obj3: 0	fb: 0
        Name: eRoDy	Kills: 32	Deaths: 33	obj1: 6	obj2: 5	obj3: 0	fb: 0
        Name: DJNay	Kills: 20	Deaths: 35	obj1: 8	obj2: 1	obj3: 0	fb: 0
Map: Riot	mode: Search and Destroy	num: 2	time: 619	streamed: true	day: 1	starting Line: 180 Entry Number: 14
    TeamName: Virtue Gaming	score: 6.0	victor: true	host: false
    TeamName: DOGS	score: 5.0	victor: false	host: false
        Name: Rafa	Kills: 9	Deaths: 7	obj1: 0	obj2: 0	obj3: 3	fb: 1
        Name: RxcK	Kills: 9	Deaths: 9	obj1: 0	obj2: 0	obj3: 0	fb: 1
        Name: VrTChamp	Kills: 13	Deaths: 8	obj1: 2	obj2: 0	obj3: 1	fb: 1
        Name: CocoLander	Kills: 4	Deaths: 6	obj1: 1	obj2: 0	obj3: 0	fb: 2
        Name: Batuta	Kills: 10	Deaths: 8	obj1: 0	obj2: 0	obj3: 1	fb: 3
        Name: FKiNg	Kills: 3	Deaths: 10	obj1: 0	obj2: 0	obj3: 1	fb: 1
        Name: eRoDy	Kills: 9	Deaths: 9	obj1: 3	obj2: 0	obj3: 1	fb: 2
        Name: DJNay	Kills: 8	Deaths: 8	obj1: 0	obj2: 1	obj3: 4	fb: 0
Map: Biolab	mode: Uplink	num: 3	time: 600	streamed: true	day: 1	starting Line: 191 Entry Number: 15
    TeamName: Virtue Gaming	score: 12.0	victor: true	host: false
    TeamName: DOGS	score: 4.0	victor: false	host: false
        Name: Rafa	Kills: 22	Deaths: 24	obj1: 0	obj2: 0	obj3: 0	fb: 0
        Name: RxcK	Kills: 14	Deaths: 24	obj1: 6	obj2: 0	obj3: 0	fb: 0
        Name: VrTChamp	Kills: 39	Deaths: 23	obj1: 4	obj2: 0	obj3: 0	fb: 0
        Name: CocoLander	Kills: 17	Deaths: 22	obj1: 2	obj2: 0	obj3: 0	fb: 0
        Name: Batuta	Kills: 22	Deaths: 28	obj1: 0	obj2: 0	obj3: 0	fb: 0
        Name: FKiNg	Kills: 24	Deaths: 20	obj1: 2	obj2: 0	obj3: 0	fb: 0
        Name: eRoDy	Kills: 27	Deaths: 24	obj1: 0	obj2: 0	obj3: 0	fb: 0
        Name: DJNay	Kills: 18	Deaths: 20	obj1: 2	obj2: 0	obj3: 0	fb: 0
Map: Biolab	mode: Hardpoint	num: 1	time: 600	streamed: true	day: 1	starting Line: 226 Entry Number: 16
    TeamName: SSOF	score: 237.0	victor: true	host: false
    TeamName: Virtue Gaming	score: 187.0	victor: false	host: false
        Name: Caio	Kills: 43	Deaths: 35	obj1: 5	obj2: 5	obj3: 0	fb: 0
        Name: Carlao	Kills: 32	Deaths: 31	obj1: 10	obj2: 5	obj3: 0	fb: 0
        Name: Le	Kills: 30	Deaths: 28	obj1: 4	obj2: 1	obj3: 0	fb: 0
        Name: Hx	Kills: 34	Deaths: 32	obj1: 9	obj2: 1	obj3: 0	fb: 0
        Name: Rafa	Kills: 26	Deaths: 36	obj1: 8	obj2: 2	obj3: 0	fb: 0
        Name: RxcK	Kills: 22	Deaths: 38	obj1: 4	obj2: 5	obj3: 0	fb: 0
        Name: VrTChamp	Kills: 52	Deaths: 32	obj1: 10	obj2: 8	obj3: 0	fb: 0
        Name: CocoLander	Kills: 25	Deaths: 33	obj1: 9	obj2: 6	obj3: 0	fb: 0
Map: Solar	mode: Search and Destroy	num: 2	time: 594	streamed: true	day: 1	starting Line: 236 Entry Number: 17
    TeamName: SSOF	score: 6.0	victor: true	host: false
    TeamName: Virtue Gaming	score: 5.0	victor: false	host: false
        Name: Caio	Kills: 8	Deaths: 9	obj1: 1	obj2: 0	obj3: 0	fb: 3
        Name: Carlao	Kills: 9	Deaths: 5	obj1: 2	obj2: 0	obj3: 3	fb: 0
        Name: Le	Kills: 5	Deaths: 11	obj1: 0	obj2: 0	obj3: 1	fb: 0
        Name: Hx	Kills: 9	Deaths: 11	obj1: 0	obj2: 0	obj3: 2	fb: 3
        Name: Rafa	Kills: 7	Deaths: 9	obj1: 0	obj2: 0	obj3: 2	fb: 1
        Name: RxcK	Kills: 10	Deaths: 8	obj1: 0	obj2: 0	obj3: 2	fb: 1
        Name: VrTChamp	Kills: 10	Deaths: 7	obj1: 1	obj2: 1	obj3: 2	fb: 1
        Name: CocoLander	Kills: 9	Deaths: 7	obj1: 0	obj2: 0	obj3: 0	fb: 2
Map: Retreat	mode: Capture the Flag	num: 3	time: 600	streamed: false	day: 1	starting Line: 247 Entry Number: 18
    TeamName: SSOF	score: 1.0	victor: true	host: false
    TeamName: Virtue Gaming	score: 0.0	victor: false	host: false
Map: Solar	mode: Hardpoint	num: 1	time: 561	streamed: true	day: 1	starting Line: 282 Entry Number: 19
    TeamName: Brazilla	score: 250.0	victor: true	host: false
    TeamName: DOGS	score: 87.0	victor: false	host: false
        Name: Nikko	Kills: 36	Deaths: 21	obj1: 3	obj2: 1	obj3: 0	fb: 0
        Name: ForTunaTo	Kills: 34	Deaths: 28	obj1: 9	obj2: 3	obj3: 0	fb: 0
        Name: iRapp	Kills: 31	Deaths: 27	obj1: 5	obj2: 2	obj3: 0	fb: 0
        Name: STAL1ZY	Kills: 32	Deaths: 24	obj1: 14	obj2: 4	obj3: 0	fb: 0
        Name: Batuta	Kills: 25	Deaths: 38	obj1: 10	obj2: 0	obj3: 0	fb: 0
        Name: FKiNg	Kills: 28	Deaths: 33	obj1: 10	obj2: 2	obj3: 0	fb: 0
        Name: eRoDy	Kills: 20	Deaths: 33	obj1: 10	obj2: 0	obj3: 0	fb: 0
        Name: DJNay	Kills: 24	Deaths: 30	obj1: 1	obj2: 0	obj3: 0	fb: 0
Map: Detroit	mode: Search and Destroy	num: 2	time: 603	streamed: true	day: 1	starting Line: 292 Entry Number: 20
    TeamName: Brazilla	score: 6.0	victor: true	host: false
    TeamName: DOGS	score: 4.0	victor: false	host: false
        Name: Nikko	Kills: 9	Deaths: 8	obj1: 0	obj2: 0	obj3: 0	fb: 2
        Name: ForTunaTo	Kills: 7	Deaths: 5	obj1: 0	obj2: 0	obj3: 2	fb: 1
        Name: iRapp	Kills: 6	Deaths: 7	obj1: 1	obj2: 0	obj3: 1	fb: 1
        Name: STAL1ZY	Kills: 9	Deaths: 7	obj1: 1	obj2: 0	obj3: 3	fb: 1
        Name: Batuta	Kills: 7	Deaths: 7	obj1: 0	obj2: 0	obj3: 0	fb: 2
        Name: FKiNg	Kills: 6	Deaths: 8	obj1: 0	obj2: 0	obj3: 1	fb: 2
        Name: eRoDy	Kills: 7	Deaths: 9	obj1: 0	obj2: 0	obj3: 2	fb: 1
        Name: DJNay	Kills: 7	Deaths: 7	obj1: 0	obj2: 1	obj3: 3	fb: 0
Map: Comeback	mode: Uplink	num: 3	time: 544	streamed: true	day: 1	starting Line: 303 Entry Number: 21
    TeamName: Brazilla	score: 20.0	victor: true	host: false
    TeamName: DOGS	score: 1.0	victor: false	host: false
        Name: Nikko	Kills: 25	Deaths: 21	obj1: 0	obj2: 0	obj3: 0	fb: 0
        Name: ForTunaTo	Kills: 29	Deaths: 17	obj1: 4	obj2: 0	obj3: 0	fb: 0
        Name: iRapp	Kills: 29	Deaths: 14	obj1: 7	obj2: 0	obj3: 0	fb: 0
        Name: STAL1ZY	Kills: 15	Deaths: 17	obj1: 9	obj2: 0	obj3: 0	fb: 0
        Name: Batuta	Kills: 22	Deaths: 25	obj1: 0	obj2: 0	obj3: 0	fb: 0
        Name: FKiNg	Kills: 15	Deaths: 26	obj1: 0	obj2: 0	obj3: 0	fb: 0
        Name: eRoDy	Kills: 20	Deaths: 23	obj1: 1	obj2: 0	obj3: 0	fb: 0
        Name: DJNay	Kills: 12	Deaths: 25	obj1: 0	obj2: 0	obj3: 0	fb: 0
Map: Biolab	mode: Hardpoint	num: 1	time: 600	streamed: true	day: 1	starting Line: 338 Entry Number: 22
    TeamName: Brazilla	score: 187.0	victor: false	host: false
    TeamName: Virtue Gaming	score: 210.0	victor: true	host: false
        Name: Nikko	Kills: 42	Deaths: 28	obj1: 6	obj2: 5	obj3: 0	fb: 0
        Name: ForTunaTo	Kills: 28	Deaths: 37	obj1: 5	obj2: 7	obj3: 0	fb: 0
        Name: iRapp	Kills: 30	Deaths: 34	obj1: 8	obj2: 5	obj3: 0	fb: 0
        Name: STAL1ZY	Kills: 23	Deaths: 32	obj1: 9	obj2: 4	obj3: 0	fb: 0
        Name: Rafa	Kills: 33	Deaths: 34	obj1: 4	obj2: 2	obj3: 0	fb: 0
        Name: RxcK	Kills: 34	Deaths: 29	obj1: 9	obj2: 7	obj3: 0	fb: 0
        Name: VrTChamp	Kills: 33	Deaths: 31	obj1: 9	obj2: 4	obj3: 0	fb: 0
        Name: CocoLander	Kills: 27	Deaths: 30	obj1: 10	obj2: 8	obj3: 0	fb: 0
Map: Solar	mode: Search and Destroy	num: 2	time: 612	streamed: true	day: 1	starting Line: 348 Entry Number: 23
    TeamName: Brazilla	score: 6.0	victor: true	host: false
    TeamName: Virtue Gaming	score: 5.0	victor: false	host: false
        Name: Nikko	Kills: 8	Deaths: 4	obj1: 0	obj2: 0	obj3: 1	fb: 2
        Name: ForTunaTo	Kills: 2	Deaths: 6	obj1: 0	obj2: 1	obj3: 0	fb: 0
        Name: iRapp	Kills: 7	Deaths: 5	obj1: 0	obj2: 0	obj3: 2	fb: 2
        Name: STAL1ZY	Kills: 14	Deaths: 5	obj1: 1	obj2: 0	obj3: 1	fb: 3
        Name: Rafa	Kills: 3	Deaths: 9	obj1: 0	obj2: 0	obj3: 1	fb: 0
        Name: RxcK	Kills: 4	Deaths: 7	obj1: 0	obj2: 0	obj3: 4	fb: 1
        Name: VrTChamp	Kills: 6	Deaths: 9	obj1: 1	obj2: 0	obj3: 0	fb: 2
        Name: CocoLander	Kills: 7	Deaths: 6	obj1: 1	obj2: 0	obj3: 2	fb: 0
Map: Retreat	mode: Capture the Flag	num: 3	time: 661	streamed: true	day: 1	starting Line: 359 Entry Number: 24
    TeamName: Brazilla	score: 4.0	victor: true	host: false
    TeamName: Virtue Gaming	score: 3.0	victor: false	host: false
        Name: Nikko	Kills: 28	Deaths: 18	obj1: 1	obj2: 0	obj3: 0	fb: 0
        Name: ForTunaTo	Kills: 29	Deaths: 18	obj1: 1	obj2: 0	obj3: 0	fb: 0
        Name: iRapp	Kills: 15	Deaths: 25	obj1: 0	obj2: 0	obj3: 0	fb: 0
        Name: STAL1ZY	Kills: 20	Deaths: 17	obj1: 2	obj2: 0	obj3: 0	fb: 0
        Name: Rafa	Kills: 15	Deaths: 25	obj1: 1	obj2: 0	obj3: 0	fb: 0
        Name: RxcK	Kills: 27	Deaths: 22	obj1: 1	obj2: 0	obj3: 0	fb: 0
        Name: VrTChamp	Kills: 20	Deaths: 22	obj1: 1	obj2: 0	obj3: 0	fb: 0
        Name: CocoLander	Kills: 16	Deaths: 23	obj1: 0	obj2: 0	obj3: 0	fb: 0
Map: Detroit	mode: Uplink	num: 4	time: 600	streamed: true	day: 1	starting Line: 370 Entry Number: 25
    TeamName: Brazilla	score: 8.0	victor: true	host: false
    TeamName: Virtue Gaming	score: 6.0	victor: false	host: false
        Name: Nikko	Kills: 24	Deaths: 20	obj1: 2	obj2: 0	obj3: 0	fb: 0
        Name: ForTunaTo	Kills: 28	Deaths: 23	obj1: 2	obj2: 0	obj3: 0	fb: 0
        Name: iRapp	Kills: 28	Deaths: 23	obj1: 0	obj2: 0	obj3: 0	fb: 0
        Name: STAL1ZY	Kills: 25	Deaths: 17	obj1: 4	obj2: 0	obj3: 0	fb: 0
        Name: Rafa	Kills: 20	Deaths: 29	obj1: 4	obj2: 0	obj3: 0	fb: 0
        Name: RxcK	Kills: 27	Deaths: 26	obj1: 1	obj2: 0	obj3: 0	fb: 0
        Name: VrTChamp	Kills: 16	Deaths: 25	obj1: 0	obj2: 0	obj3: 0	fb: 0
        Name: CocoLander	Kills: 19	Deaths: 26	obj1: 1	obj2: 0	obj3: 0	fb: 0
Map: Solar	mode: Hardpoint	num: 1	time: 600	streamed: true	day: 2	starting Line: 394 Entry Number: 26
    TeamName: SSOF	score: 174.0	victor: false	host: false
    TeamName: Brazilla	score: 206.0	victor: true	host: false
        Name: Caio	Kills: 35	Deaths: 33	obj1: 12	obj2: 2	obj3: 0	fb: 0
        Name: Carlao	Kills: 29	Deaths: 30	obj1: 12	obj2: 4	obj3: 0	fb: 0
        Name: Le	Kills: 33	Deaths: 33	obj1: 10	obj2: 1	obj3: 0	fb: 0
        Name: Hx	Kills: 27	Deaths: 33	obj1: 13	obj2: 2	obj3: 0	fb: 0
        Name: Nikko	Kills: 35	Deaths: 32	obj1: 4	obj2: 2	obj3: 0	fb: 0
        Name: ForTunaTo	Kills: 38	Deaths: 34	obj1: 10	obj2: 4	obj3: 0	fb: 0
        Name: iRapp	Kills: 25	Deaths: 30	obj1: 5	obj2: 0	obj3: 0	fb: 0
        Name: STAL1ZY	Kills: 30	Deaths: 33	obj1: 20	obj2: 4	obj3: 0	fb: 0
Map: Riot	mode: Search and Destroy	num: 2	time: 551	streamed: true	day: 2	starting Line: 404 Entry Number: 27
    TeamName: SSOF	score: 3.0	victor: false	host: false
    TeamName: Brazilla	score: 6.0	victor: true	host: false
        Name: Caio	Kills: 3	Deaths: 7	obj1: 0	obj2: 0	obj3: 3	fb: 0
        Name: Carlao	Kills: 6	Deaths: 8	obj1: 3	obj2: 0	obj3: 4	fb: 1
        Name: Le	Kills: 8	Deaths: 7	obj1: 0	obj2: 1	obj3: 1	fb: 1
        Name: Hx	Kills: 2	Deaths: 9	obj1: 0	obj2: 0	obj3: 0	fb: 0
        Name: Nikko	Kills: 10	Deaths: 5	obj1: 0	obj2: 2	obj3: 2	fb: 1
        Name: ForTunaTo	Kills: 12	Deaths: 3	obj1: 1	obj2: 0	obj3: 2	fb: 2
        Name: iRapp	Kills: 6	Deaths: 6	obj1: 1	obj2: 1	obj3: 0	fb: 0
        Name: STAL1ZY	Kills: 5	Deaths: 5	obj1: 1	obj2: 0	obj3: 0	fb: 4
Map: Comeback	mode: Uplink	num: 3	time: 600	streamed: true	day: 2	starting Line: 415 Entry Number: 28
    TeamName: SSOF	score: 4.0	victor: false	host: false
    TeamName: Brazilla	score: 11.0	victor: true	host: false
        Name: Caio	Kills: 29	Deaths: 27	obj1: 0	obj2: 0	obj3: 0	fb: 0
        Name: Carlao	Kills: 23	Deaths: 27	obj1: 0	obj2: 0	obj3: 0	fb: 0
        Name: Le	Kills: 26	Deaths: 26	obj1: 1	obj2: 0	obj3: 0	fb: 0
        Name: Hx	Kills: 27	Deaths: 26	obj1: 3	obj2: 0	obj3: 0	fb: 0
        Name: Nikko	Kills: 28	Deaths: 28	obj1: 3	obj2: 0	obj3: 0	fb: 0
        Name: ForTunaTo	Kills: 27	Deaths: 29	obj1: 4	obj2: 0	obj3: 0	fb: 0
        Name: iRapp	Kills: 26	Deaths: 23	obj1: 1	obj2: 0	obj3: 0	fb: 0
        Name: STAL1ZY	Kills: 25	Deaths: 25	obj1: 3	obj2: 0	obj3: 0	fb: 0
Map: Biolab	mode: Hardpoint	num: 1	time: 486	streamed: true	day: 3	starting Line: 450 Entry Number: 29
    TeamName: SSOF	score: 250.0	victor: true	host: false
    TeamName: Brazilla	score: 94.0	victor: false	host: false
        Name: Caio	Kills: 26	Deaths: 27	obj1: 10	obj2: 4	obj3: 0	fb: 0
        Name: Carlao	Kills: 25	Deaths: 19	obj1: 5	obj2: 6	obj3: 0	fb: 0
        Name: Le	Kills: 26	Deaths: 23	obj1: 5	obj2: 0	obj3: 0	fb: 0
        Name: Hx	Kills: 36	Deaths: 26	obj1: 5	obj2: 9	obj3: 0	fb: 0
        Name: Nikko	Kills: 24	Deaths: 27	obj1: 5	obj2: 4	obj3: 0	fb: 0
        Name: ForTunaTo	Kills: 28	Deaths: 33	obj1: 7	obj2: 1	obj3: 0	fb: 0
        Name: iRapp	Kills: 23	Deaths: 28	obj1: 6	obj2: 4	obj3: 0	fb: 0
        Name: STAL1ZY	Kills: 20	Deaths: 29	obj1: 5	obj2: 4	obj3: 0	fb: 0
Map: Recovery	mode: Search and Destroy	num: 2	time: 306	streamed: true	day: 3	starting Line: 460 Entry Number: 30
    TeamName: SSOF	score: 0.0	victor: false	host: false
    TeamName: Brazilla	score: 6.0	victor: true	host: false
        Name: Caio	Kills: 3	Deaths: 6	obj1: 0	obj2: 0	obj3: 3	fb: 0
        Name: Carlao	Kills: 2	Deaths: 6	obj1: 0	obj2: 0	obj3: 2	fb: 0
        Name: Le	Kills: 1	Deaths: 6	obj1: 0	obj2: 0	obj3: 1	fb: 0
        Name: Hx	Kills: 3	Deaths: 6	obj1: 1	obj2: 0	obj3: 0	fb: 1
        Name: Nikko	Kills: 11	Deaths: 1	obj1: 0	obj2: 0	obj3: 1	fb: 0
        Name: ForTunaTo	Kills: 2	Deaths: 1	obj1: 1	obj2: 1	obj3: 0	fb: 1
        Name: iRapp	Kills: 7	Deaths: 3	obj1: 2	obj2: 0	obj3: 0	fb: 2
        Name: STAL1ZY	Kills: 4	Deaths: 4	obj1: 0	obj2: 0	obj3: 0	fb: 2
Map: Retreat	mode: Capture the Flag	num: 3	time: 600	streamed: true	day: 3	starting Line: 471 Entry Number: 31
    TeamName: SSOF	score: 3.0	victor: true	host: false
    TeamName: Brazilla	score: 1.0	victor: false	host: false
        Name: Caio	Kills: 23	Deaths: 20	obj1: 0	obj2: 1	obj3: 5	fb: 0
        Name: Carlao	Kills: 22	Deaths: 14	obj1: 1	obj2: 0	obj3: 1	fb: 0
        Name: Le	Kills: 17	Deaths: 16	obj1: 2	obj2: 1	obj3: 1	fb: 0
        Name: Hx	Kills: 24	Deaths: 28	obj1: 0	obj2: 1	obj3: 2	fb: 0
        Name: Nikko	Kills: 22	Deaths: 21	obj1: 0	obj2: 1	obj3: 0	fb: 0
        Name: ForTunaTo	Kills: 17	Deaths: 23	obj1: 0	obj2: 1	obj3: 4	fb: 0
        Name: iRapp	Kills: 15	Deaths: 24	obj1: 0	obj2: 0	obj3: 0	fb: 0
        Name: STAL1ZY	Kills: 24	Deaths: 19	obj1: 1	obj2: 2	obj3: 3	fb: 0
Map: Detroit	mode: Uplink	num: 4	time: 592	streamed: true	day: 3	starting Line: 482 Entry Number: 32
    TeamName: SSOF	score: 12.0	victor: true	host: false
    TeamName: Brazilla	score: 8.0	victor: false	host: false
        Name: Caio	Kills: 20	Deaths: 26	obj1: 6	obj2: 0	obj3: 0	fb: 0
        Name: Carlao	Kills: 28	Deaths: 20	obj1: 2	obj2: 0	obj3: 0	fb: 0
        Name: Le	Kills: 32	Deaths: 22	obj1: 0	obj2: 0	obj3: 0	fb: 0
        Name: Hx	Kills: 25	Deaths: 26	obj1: 4	obj2: 0	obj3: 0	fb: 0
        Name: Nikko	Kills: 29	Deaths: 26	obj1: 0	obj2: 0	obj3: 0	fb: 0
        Name: ForTunaTo	Kills: 29	Deaths: 27	obj1: 0	obj2: 0	obj3: 0	fb: 0
        Name: iRapp	Kills: 24	Deaths: 27	obj1: 4	obj2: 0	obj3: 0	fb: 0
        Name: STAL1ZY	Kills: 12	Deaths: 25	obj1: 0	obj2: 0	obj3: 0	fb: 0
