Null Responses: 

Request: TeamName=SSOF&EventID=10
URL: http://www.codstreams.net/statUpload/getRosterID.php
Response: 0

Request: TeamName=Classic Team&EventID=10
URL: http://www.codstreams.net/statUpload/getRosterID.php
Response: 0

Request: TeamName=SSOF&EventID=10
URL: http://www.codstreams.net/statUpload/getRosterID.php
Response: 0

Request: TeamName=Classic Team&EventID=10
URL: http://www.codstreams.net/statUpload/getRosterID.php
Response: 0

Request: TeamName=SSOF&EventID=10
URL: http://www.codstreams.net/statUpload/getRosterID.php
Response: 0

Request: TeamName=Classic Team&EventID=10
URL: http://www.codstreams.net/statUpload/getRosterID.php
Response: 0

Request: TeamName=Milgares Team&EventID=10
URL: http://www.codstreams.net/statUpload/getRosterID.php
Response: 0

Request: TeamName=DOGS&EventID=10
URL: http://www.codstreams.net/statUpload/getRosterID.php
Response: 0

Request: TeamName=Milgares Team&EventID=10
URL: http://www.codstreams.net/statUpload/getRosterID.php
Response: 0

Request: TeamName=DOGS&EventID=10
URL: http://www.codstreams.net/statUpload/getRosterID.php
Response: 0

Request: TeamName=Milgares Team&EventID=10
URL: http://www.codstreams.net/statUpload/getRosterID.php
Response: 0

Request: TeamName=DOGS&EventID=10
URL: http://www.codstreams.net/statUpload/getRosterID.php
Response: 0

Request: TeamName=Milgares Team&EventID=10
URL: http://www.codstreams.net/statUpload/getRosterID.php
Response: 0

Request: TeamName=DOGS&EventID=10
URL: http://www.codstreams.net/statUpload/getRosterID.php
Response: 0

Request: TeamName=Brazilla&EventID=10
URL: http://www.codstreams.net/statUpload/getRosterID.php
Response: 0

Request: TeamName=SSOF&EventID=10
URL: http://www.codstreams.net/statUpload/getRosterID.php
Response: 0

Request: TeamName=Brazilla&EventID=10
URL: http://www.codstreams.net/statUpload/getRosterID.php
Response: 0

Request: TeamName=SSOF&EventID=10
URL: http://www.codstreams.net/statUpload/getRosterID.php
Response: 0

Request: TeamName=Brazilla&EventID=10
URL: http://www.codstreams.net/statUpload/getRosterID.php
Response: 0

Request: TeamName=SSOF&EventID=10
URL: http://www.codstreams.net/statUpload/getRosterID.php
Response: 0

Request: TeamName=Brazilla&EventID=10
URL: http://www.codstreams.net/statUpload/getRosterID.php
Response: 0

Request: TeamName=SSOF&EventID=10
URL: http://www.codstreams.net/statUpload/getRosterID.php
Response: 0

Request: TeamName=Brazilla&EventID=10
URL: http://www.codstreams.net/statUpload/getRosterID.php
Response: 0

Request: TeamName=SSOF&EventID=10
URL: http://www.codstreams.net/statUpload/getRosterID.php
Response: 0

Request: TeamName=Virtue Gaming&EventID=10
URL: http://www.codstreams.net/statUpload/getRosterID.php
Response: 0

Request: TeamName=DOGS&EventID=10
URL: http://www.codstreams.net/statUpload/getRosterID.php
Response: 0

Request: TeamName=Virtue Gaming&EventID=10
URL: http://www.codstreams.net/statUpload/getRosterID.php
Response: 0

Request: TeamName=DOGS&EventID=10
URL: http://www.codstreams.net/statUpload/getRosterID.php
Response: 0

Request: TeamName=Virtue Gaming&EventID=10
URL: http://www.codstreams.net/statUpload/getRosterID.php
Response: 0

Request: TeamName=DOGS&EventID=10
URL: http://www.codstreams.net/statUpload/getRosterID.php
Response: 0

Request: TeamName=SSOF&EventID=10
URL: http://www.codstreams.net/statUpload/getRosterID.php
Response: 0

Request: TeamName=Virtue Gaming&EventID=10
URL: http://www.codstreams.net/statUpload/getRosterID.php
Response: 0

Request: TeamName=SSOF&EventID=10
URL: http://www.codstreams.net/statUpload/getRosterID.php
Response: 0

Request: TeamName=Virtue Gaming&EventID=10
URL: http://www.codstreams.net/statUpload/getRosterID.php
Response: 0

Request: TeamName=SSOF&EventID=10
URL: http://www.codstreams.net/statUpload/getRosterID.php
Response: 0

Request: TeamName=Virtue Gaming&EventID=10
URL: http://www.codstreams.net/statUpload/getRosterID.php
Response: 0

Request: TeamName=Brazilla&EventID=10
URL: http://www.codstreams.net/statUpload/getRosterID.php
Response: 0

Request: TeamName=DOGS&EventID=10
URL: http://www.codstreams.net/statUpload/getRosterID.php
Response: 0

Request: TeamName=Brazilla&EventID=10
URL: http://www.codstreams.net/statUpload/getRosterID.php
Response: 0

Request: TeamName=DOGS&EventID=10
URL: http://www.codstreams.net/statUpload/getRosterID.php
Response: 0

Request: TeamName=Brazilla&EventID=10
URL: http://www.codstreams.net/statUpload/getRosterID.php
Response: 0

Request: TeamName=DOGS&EventID=10
URL: http://www.codstreams.net/statUpload/getRosterID.php
Response: 0

Request: TeamName=Brazilla&EventID=10
URL: http://www.codstreams.net/statUpload/getRosterID.php
Response: 0

Request: TeamName=Virtue Gaming&EventID=10
URL: http://www.codstreams.net/statUpload/getRosterID.php
Response: 0

Request: TeamName=Brazilla&EventID=10
URL: http://www.codstreams.net/statUpload/getRosterID.php
Response: 0

Request: TeamName=Virtue Gaming&EventID=10
URL: http://www.codstreams.net/statUpload/getRosterID.php
Response: 0

Request: TeamName=Brazilla&EventID=10
URL: http://www.codstreams.net/statUpload/getRosterID.php
Response: 0

Request: TeamName=Virtue Gaming&EventID=10
URL: http://www.codstreams.net/statUpload/getRosterID.php
Response: 0

Request: TeamName=Brazilla&EventID=10
URL: http://www.codstreams.net/statUpload/getRosterID.php
Response: 0

Request: TeamName=Virtue Gaming&EventID=10
URL: http://www.codstreams.net/statUpload/getRosterID.php
Response: 0

Request: TeamName=SSOF&EventID=10
URL: http://www.codstreams.net/statUpload/getRosterID.php
Response: 0

Request: TeamName=Brazilla&EventID=10
URL: http://www.codstreams.net/statUpload/getRosterID.php
Response: 0

Request: TeamName=SSOF&EventID=10
URL: http://www.codstreams.net/statUpload/getRosterID.php
Response: 0

Request: TeamName=Brazilla&EventID=10
URL: http://www.codstreams.net/statUpload/getRosterID.php
Response: 0

Request: TeamName=SSOF&EventID=10
URL: http://www.codstreams.net/statUpload/getRosterID.php
Response: 0

Request: TeamName=Brazilla&EventID=10
URL: http://www.codstreams.net/statUpload/getRosterID.php
Response: 0

Request: TeamName=SSOF&EventID=10
URL: http://www.codstreams.net/statUpload/getRosterID.php
Response: 0

Request: TeamName=Brazilla&EventID=10
URL: http://www.codstreams.net/statUpload/getRosterID.php
Response: 0

Request: TeamName=SSOF&EventID=10
URL: http://www.codstreams.net/statUpload/getRosterID.php
Response: 0

Request: TeamName=Brazilla&EventID=10
URL: http://www.codstreams.net/statUpload/getRosterID.php
Response: 0

Request: TeamName=SSOF&EventID=10
URL: http://www.codstreams.net/statUpload/getRosterID.php
Response: 0

Request: TeamName=Brazilla&EventID=10
URL: http://www.codstreams.net/statUpload/getRosterID.php
Response: 0

Request: TeamName=SSOF&EventID=10
URL: http://www.codstreams.net/statUpload/getRosterID.php
Response: 0

Request: TeamName=Brazilla&EventID=10
URL: http://www.codstreams.net/statUpload/getRosterID.php
Response: 0


Missing Players: 


Missing Rosters: 
SSOF
Classic Team
Milgares Team
DOGS
Brazilla
Virtue Gaming
